Using pre-set license
Built from '2020.2/release' branch; Version is '2020.2.1f1 (270dd8c3da1c) revision 2559448'; Using compiler version '192528614'; Build Type 'Release'
OS: 'Windows 10  (10.0.0) 64bit' Language: 'en' Physical Memory: 8144 MB
BatchMode: 1, IsHumanControllingUs: 0, StartBugReporterOnCrash: 0, Is64bit: 1, IsPro: 0

 COMMAND LINE ARGUMENTS:
C:\Program Files\Unity\Hub\Editor\2020.2.1f1\Editor\Unity.exe
-adb2
-batchMode
-noUpm
-name
AssetImportWorker0
-projectPath
D:/Game Unity I Made/rocket-boost
-logFile
Logs/AssetImportWorker0.log
-srvPort
61785
Successfully changed project path to: D:/Game Unity I Made/rocket-boost
D:/Game Unity I Made/rocket-boost
Using Asset Import Pipeline V2.
Refreshing native plugins compatible for Editor in 30.63 ms, found 0 plugins.
Preloading 0 native plugins for Editor in 0.00 ms.
Initialize engine version: 2020.2.1f1 (270dd8c3da1c)
[Subsystems] Discovering subsystems at path C:/Program Files/Unity/Hub/Editor/2020.2.1f1/Editor/Data/Resources/UnitySubsystems
[Subsystems] Discovering subsystems at path D:/Game Unity I Made/rocket-boost/Assets
GfxDevice: creating device client; threaded=0
Direct3D:
    Version:  Direct3D 11.0 [level 11.1]
    Renderer: NVIDIA GeForce GTX 1650 (ID=0x1f82)
    Vendor:   
    VRAM:     3962 MB
    Driver:   27.21.14.5671
Initialize mono
Mono path[0] = 'C:/Program Files/Unity/Hub/Editor/2020.2.1f1/Editor/Data/Managed'
Mono path[1] = 'C:/Program Files/Unity/Hub/Editor/2020.2.1f1/Editor/Data/MonoBleedingEdge/lib/mono/unityjit'
Mono config path = 'C:/Program Files/Unity/Hub/Editor/2020.2.1f1/Editor/Data/MonoBleedingEdge/etc'
Using monoOptions --debugger-agent=transport=dt_socket,embedding=1,server=y,suspend=n,address=127.0.0.1:56832
Begin MonoManager ReloadAssembly
Registering precompiled unity dll's ...
Register platform support module: C:/Program Files/Unity/Hub/Editor/2020.2.1f1/Editor/Data/PlaybackEngines/WebGLSupport/UnityEditor.WebGL.Extensions.dll
Register platform support module: C:/Program Files/Unity/Hub/Editor/2020.2.1f1/Editor/Data/PlaybackEngines/WindowsStandaloneSupport/UnityEditor.WindowsStandalone.Extensions.dll
Registered in 0.002672 seconds.
Native extension for WindowsStandalone target not found
Native extension for WebGL target not found
Refreshing native plugins compatible for Editor in 31.14 ms, found 0 plugins.
Preloading 0 native plugins for Editor in 0.00 ms.
Invoked RoslynAnalysisRunner static constructor.
RoslynAnalysisRunner will not be running.
RoslynAnalysisRunner has terminated.
Mono: successfully reloaded assembly
- Completed reload, in  2.134 seconds
Platform modules already initialized, skipping
Registering precompiled user dll's ...
Registered in 0.000722 seconds.
Begin MonoManager ReloadAssembly
Native extension for WindowsStandalone target not found
Native extension for WebGL target not found
Refreshing native plugins compatible for Editor in 0.38 ms, found 0 plugins.
Preloading 0 native plugins for Editor in 0.00 ms.
Invoked RoslynAnalysisRunner static constructor.
RoslynAnalysisRunner will not be running.
RoslynAnalysisRunner has terminated.
Mono: successfully reloaded assembly
- Completed reload, in  1.102 seconds
Platform modules already initialized, skipping
========================================================================
Worker process is ready to serve import requests
Launched and connected shader compiler UnityShaderCompiler.exe after 0.05 seconds
Refreshing native plugins compatible for Editor in 0.24 ms, found 0 plugins.
Preloading 0 native plugins for Editor in 0.00 ms.
Unloading 1096 Unused Serialized files (Serialized files now loaded: 0)
System memory in use before: 56.6 MB.
System memory in use after: 56.6 MB.

Unloading 10 unused Assets to reduce memory usage. Loaded Objects now: 1537.
Total: 2.540600 ms (FindLiveObjects: 0.138100 ms CreateObjectMapping: 0.047200 ms MarkObjects: 2.256800 ms  DeleteObjects: 0.096700 ms)

========================================================================
Received Import Request.
  path: Assets/Scripts/Rocket.cs
  artifactKey: Guid(27fc5b1c382a9d54ba2531a9f1d92c16) Importer(815301076,1909f56bfc062723c751e8b465ee728b)
Start importing Assets/Scripts/Rocket.cs using Guid(27fc5b1c382a9d54ba2531a9f1d92c16) Importer(815301076,1909f56bfc062723c751e8b465ee728b)  -> (artifact id: '22a542b96f4474687298885aa06559eb') in 0.145081 seconds
  Import took 0.172687 seconds .

========================================================================
Received Prepare
Refreshing native plugins compatible for Editor in 0.78 ms, found 0 plugins.
Preloading 0 native plugins for Editor in 0.00 ms.
Unloading 3 Unused Serialized files (Serialized files now loaded: 0)
System memory in use before: 35.0 MB.
System memory in use after: 35.1 MB.

Unloading 3 unused Assets to reduce memory usage. Loaded Objects now: 1537.
Total: 2.112700 ms (FindLiveObjects: 0.229900 ms CreateObjectMapping: 0.070600 ms MarkObjects: 1.761400 ms  DeleteObjects: 0.049000 ms)

========================================================================
Received Import Request.
  Time since last request: 78.246974 seconds.
  path: Assets/Scripts/Rocket.cs
  artifactKey: Guid(27fc5b1c382a9d54ba2531a9f1d92c16) Importer(815301076,1909f56bfc062723c751e8b465ee728b)
Start importing Assets/Scripts/Rocket.cs using Guid(27fc5b1c382a9d54ba2531a9f1d92c16) Importer(815301076,1909f56bfc062723c751e8b465ee728b)  -> (artifact id: 'a6d70a99c3bec9a9725a46468764772b') in 0.002128 seconds
  Import took 0.009399 seconds .

========================================================================
Received Prepare
Registering precompiled user dll's ...
Registered in 0.000693 seconds.
Begin MonoManager ReloadAssembly
Native extension for WindowsStandalone target not found
Native extension for WebGL target not found
Refreshing native plugins compatible for Editor in 0.37 ms, found 0 plugins.
Preloading 0 native plugins for Editor in 0.00 ms.
Invoked RoslynAnalysisRunner static constructor.
RoslynAnalysisRunner will not be running.
RoslynAnalysisRunner has terminated.
Mono: successfully reloaded assembly
- Completed reload, in  0.980 seconds
Platform modules already initialized, skipping
Refreshing native plugins compatible for Editor in 0.27 ms, found 0 plugins.
Preloading 0 native plugins for Editor in 0.00 ms.
Unloading 1091 Unused Serialized files (Serialized files now loaded: 0)
System memory in use before: 56.9 MB.
System memory in use after: 57.0 MB.

Unloading 5 unused Assets to reduce memory usage. Loaded Objects now: 1539.
Total: 1.983000 ms (FindLiveObjects: 0.139900 ms CreateObjectMapping: 0.072400 ms MarkObjects: 1.723500 ms  DeleteObjects: 0.046200 ms)

========================================================================
Received Prepare
Registering precompiled user dll's ...
Registered in 0.000681 seconds.
Begin MonoManager ReloadAssembly
Native extension for WindowsStandalone target not found
Native extension for WebGL target not found
Refreshing native plugins compatible for Editor in 0.27 ms, found 0 plugins.
Preloading 0 native plugins for Editor in 0.00 ms.
Invoked RoslynAnalysisRunner static constructor.
RoslynAnalysisRunner will not be running.
RoslynAnalysisRunner has terminated.
Mono: successfully reloaded assembly
- Completed reload, in  0.953 seconds
Platform modules already initialized, skipping
Refreshing native plugins compatible for Editor in 0.26 ms, found 0 plugins.
Preloading 0 native plugins for Editor in 0.00 ms.
Unloading 1091 Unused Serialized files (Serialized files now loaded: 0)
System memory in use before: 57.1 MB.
System memory in use after: 57.2 MB.

Unloading 5 unused Assets to reduce memory usage. Loaded Objects now: 1541.
Total: 1.970300 ms (FindLiveObjects: 0.176400 ms CreateObjectMapping: 0.098100 ms MarkObjects: 1.638100 ms  DeleteObjects: 0.056300 ms)

========================================================================
Received Import Request.
  Time since last request: 272.492020 seconds.
  path: Assets/Materials/Background.mat
  artifactKey: Guid(a918ddf63265b5a4ea641ca9c5b9451e) Importer(815301076,1909f56bfc062723c751e8b465ee728b)
Start importing Assets/Materials/Background.mat using Guid(a918ddf63265b5a4ea641ca9c5b9451e) Importer(815301076,1909f56bfc062723c751e8b465ee728b)  -> (artifact id: '358dfef5b541cd0f4fdd633a037be7a5') in 0.127506 seconds
  Import took 0.151551 seconds .

========================================================================
Received Prepare
Registering precompiled user dll's ...
Registered in 0.000665 seconds.
Begin MonoManager ReloadAssembly
Native extension for WindowsStandalone target not found
Native extension for WebGL target not found
Refreshing native plugins compatible for Editor in 0.24 ms, found 0 plugins.
Preloading 0 native plugins for Editor in 0.00 ms.
Invoked RoslynAnalysisRunner static constructor.
RoslynAnalysisRunner will not be running.
RoslynAnalysisRunner has terminated.
Mono: successfully reloaded assembly
- Completed reload, in  0.967 seconds
Platform modules already initialized, skipping
Refreshing native plugins compatible for Editor in 0.30 ms, found 0 plugins.
Preloading 0 native plugins for Editor in 0.00 ms.
Unloading 1091 Unused Serialized files (Serialized files now loaded: 0)
System memory in use before: 60.6 MB.
System memory in use after: 60.7 MB.

Unloading 5 unused Assets to reduce memory usage. Loaded Objects now: 1583.
Total: 2.847100 ms (FindLiveObjects: 0.279200 ms CreateObjectMapping: 0.056800 ms MarkObjects: 2.379600 ms  DeleteObjects: 0.112900 ms)

========================================================================
Received Import Request.
  Time since last request: 128.846721 seconds.
  path: Assets/Scenes/Level 3.unity
  artifactKey: Guid(36ea66eb473d2df42a6628f0373c91f8) Importer(815301076,1909f56bfc062723c751e8b465ee728b)
Start importing Assets/Scenes/Level 3.unity using Guid(36ea66eb473d2df42a6628f0373c91f8) Importer(815301076,1909f56bfc062723c751e8b465ee728b)  -> (artifact id: '64410c4a5f29cf60f1188103903e9672') in 0.021132 seconds
  Import took 0.071154 seconds .

========================================================================
Received Import Request.
  Time since last request: 352.524250 seconds.
  path: Assets/Scripts/Oscillator.cs
  artifactKey: Guid(9404c027b54ce2440bea979b9a1f9d5a) Importer(815301076,1909f56bfc062723c751e8b465ee728b)
Start importing Assets/Scripts/Oscillator.cs using Guid(9404c027b54ce2440bea979b9a1f9d5a) Importer(815301076,1909f56bfc062723c751e8b465ee728b)  -> (artifact id: 'f23abd8b65239251b7e6582ea5b94607') in 0.007572 seconds
  Import took 0.010880 seconds .

========================================================================
Received Prepare
Registering precompiled user dll's ...
Registered in 0.000674 seconds.
Begin MonoManager ReloadAssembly
Native extension for WindowsStandalone target not found
Native extension for WebGL target not found
Refreshing native plugins compatible for Editor in 0.24 ms, found 0 plugins.
Preloading 0 native plugins for Editor in 0.00 ms.
Invoked RoslynAnalysisRunner static constructor.
RoslynAnalysisRunner will not be running.
RoslynAnalysisRunner has terminated.
Mono: successfully reloaded assembly
- Completed reload, in  0.934 seconds
Platform modules already initialized, skipping
Refreshing native plugins compatible for Editor in 0.25 ms, found 0 plugins.
Preloading 0 native plugins for Editor in 0.00 ms.
Unloading 1091 Unused Serialized files (Serialized files now loaded: 0)
System memory in use before: 60.7 MB.
System memory in use after: 60.8 MB.

Unloading 5 unused Assets to reduce memory usage. Loaded Objects now: 1585.
Total: 1.980800 ms (FindLiveObjects: 0.185400 ms CreateObjectMapping: 0.094500 ms MarkObjects: 1.655200 ms  DeleteObjects: 0.044300 ms)

========================================================================
Received Prepare
Registering precompiled user dll's ...
Registered in 0.001009 seconds.
Begin MonoManager ReloadAssembly
Native extension for WindowsStandalone target not found
Native extension for WebGL target not found
Refreshing native plugins compatible for Editor in 0.25 ms, found 0 plugins.
Preloading 0 native plugins for Editor in 0.00 ms.
Invoked RoslynAnalysisRunner static constructor.
RoslynAnalysisRunner will not be running.
RoslynAnalysisRunner has terminated.
Mono: successfully reloaded assembly
- Completed reload, in  1.034 seconds
Platform modules already initialized, skipping
Refreshing native plugins compatible for Editor in 0.25 ms, found 0 plugins.
Preloading 0 native plugins for Editor in 0.00 ms.
Unloading 1091 Unused Serialized files (Serialized files now loaded: 0)
System memory in use before: 61.0 MB.
System memory in use after: 61.1 MB.

Unloading 5 unused Assets to reduce memory usage. Loaded Objects now: 1587.
Total: 2.453100 ms (FindLiveObjects: 0.211000 ms CreateObjectMapping: 0.108300 ms MarkObjects: 2.069700 ms  DeleteObjects: 0.062000 ms)

========================================================================
Received Prepare
Registering precompiled user dll's ...
Registered in 0.000647 seconds.
Begin MonoManager ReloadAssembly
Native extension for WindowsStandalone target not found
Native extension for WebGL target not found
Refreshing native plugins compatible for Editor in 0.26 ms, found 0 plugins.
Preloading 0 native plugins for Editor in 0.00 ms.
Invoked RoslynAnalysisRunner static constructor.
RoslynAnalysisRunner will not be running.
RoslynAnalysisRunner has terminated.
Mono: successfully reloaded assembly
- Completed reload, in  0.961 seconds
Platform modules already initialized, skipping
Refreshing native plugins compatible for Editor in 0.25 ms, found 0 plugins.
Preloading 0 native plugins for Editor in 0.00 ms.
Unloading 1091 Unused Serialized files (Serialized files now loaded: 0)
System memory in use before: 61.2 MB.
System memory in use after: 61.3 MB.

Unloading 5 unused Assets to reduce memory usage. Loaded Objects now: 1589.
Total: 2.087400 ms (FindLiveObjects: 0.199000 ms CreateObjectMapping: 0.090400 ms MarkObjects: 1.742800 ms  DeleteObjects: 0.053400 ms)

========================================================================
Received Import Request.
  Time since last request: 461.365782 seconds.
  path: Assets/Prefabs/Rocket.prefab
  artifactKey: Guid(288797f45da57ca4cb6e59167dd370da) Importer(815301076,1909f56bfc062723c751e8b465ee728b)
Start importing Assets/Prefabs/Rocket.prefab using Guid(288797f45da57ca4cb6e59167dd370da) Importer(815301076,1909f56bfc062723c751e8b465ee728b)  -> (artifact id: '34bdc31a1853d1d2788e5970fbab5c08') in 0.204418 seconds
  Import took 0.207579 seconds .

========================================================================
Received Import Request.
  Time since last request: 0.000305 seconds.
  path: Assets/Prefabs/Success Particles.prefab
  artifactKey: Guid(62198a3a5dbb64a4f9e1618929224faa) Importer(815301076,1909f56bfc062723c751e8b465ee728b)
Start importing Assets/Prefabs/Success Particles.prefab using Guid(62198a3a5dbb64a4f9e1618929224faa) Importer(815301076,1909f56bfc062723c751e8b465ee728b)  -> (artifact id: 'ebd84c0e4bed4b1012d6bff4e4dc97ba') in 0.022767 seconds
  Import took 0.025167 seconds .

========================================================================
Received Import Request.
  Time since last request: 69.776624 seconds.
  path: Assets/Prefabs/Rocket.prefab
  artifactKey: Guid(288797f45da57ca4cb6e59167dd370da) Importer(815301076,1909f56bfc062723c751e8b465ee728b)
Start importing Assets/Prefabs/Rocket.prefab using Guid(288797f45da57ca4cb6e59167dd370da) Importer(815301076,1909f56bfc062723c751e8b465ee728b)  -> (artifact id: '277db975187e96e1a9f1babc1e0539f8') in 0.012316 seconds
  Import took 0.022463 seconds .

========================================================================
Received Import Request.
  Time since last request: 0.000241 seconds.
  path: Assets/Prefabs/Success Particles.prefab
  artifactKey: Guid(62198a3a5dbb64a4f9e1618929224faa) Importer(815301076,1909f56bfc062723c751e8b465ee728b)
Start importing Assets/Prefabs/Success Particles.prefab using Guid(62198a3a5dbb64a4f9e1618929224faa) Importer(815301076,1909f56bfc062723c751e8b465ee728b)  -> (artifact id: '80743e0ff6b14257fdc709f37a305cf0') in 0.004679 seconds
  Import took 0.007449 seconds .

========================================================================
Received Import Request.
  Time since last request: 20.564179 seconds.
  path: Assets/Prefabs/Rocket.prefab
  artifactKey: Guid(288797f45da57ca4cb6e59167dd370da) Importer(815301076,1909f56bfc062723c751e8b465ee728b)
Start importing Assets/Prefabs/Rocket.prefab using Guid(288797f45da57ca4cb6e59167dd370da) Importer(815301076,1909f56bfc062723c751e8b465ee728b)  -> (artifact id: 'a16585309d42dd298dd450fc6d621e7d') in 0.014421 seconds
  Import took 0.018353 seconds .

========================================================================
Received Import Request.
  Time since last request: 0.000227 seconds.
  path: Assets/Prefabs/Success Particles.prefab
  artifactKey: Guid(62198a3a5dbb64a4f9e1618929224faa) Importer(815301076,1909f56bfc062723c751e8b465ee728b)
Start importing Assets/Prefabs/Success Particles.prefab using Guid(62198a3a5dbb64a4f9e1618929224faa) Importer(815301076,1909f56bfc062723c751e8b465ee728b)  -> (artifact id: '466532bb3370da03eb38442dd63cacf4') in 0.005020 seconds
  Import took 0.008815 seconds .

========================================================================
Received Import Request.
  Time since last request: 8.962308 seconds.
  path: Assets/Prefabs/Rocket.prefab
  artifactKey: Guid(288797f45da57ca4cb6e59167dd370da) Importer(815301076,1909f56bfc062723c751e8b465ee728b)
Start importing Assets/Prefabs/Rocket.prefab using Guid(288797f45da57ca4cb6e59167dd370da) Importer(815301076,1909f56bfc062723c751e8b465ee728b)  -> (artifact id: 'c47f8009b87297a028ae8eb3ffdac4b0') in 0.013796 seconds
  Import took 0.017403 seconds .

========================================================================
Received Import Request.
  Time since last request: 0.000225 seconds.
  path: Assets/Prefabs/Success Particles.prefab
  artifactKey: Guid(62198a3a5dbb64a4f9e1618929224faa) Importer(815301076,1909f56bfc062723c751e8b465ee728b)
Start importing Assets/Prefabs/Success Particles.prefab using Guid(62198a3a5dbb64a4f9e1618929224faa) Importer(815301076,1909f56bfc062723c751e8b465ee728b)  -> (artifact id: 'c4ebc01e358c8b6b53db9fd00869fbb6') in 0.005263 seconds
  Import took 0.008493 seconds .

========================================================================
Received Import Request.
  Time since last request: 109.900874 seconds.
  path: Assets/Prefabs/Rocket.prefab
  artifactKey: Guid(288797f45da57ca4cb6e59167dd370da) Importer(815301076,1909f56bfc062723c751e8b465ee728b)
Start importing Assets/Prefabs/Rocket.prefab using Guid(288797f45da57ca4cb6e59167dd370da) Importer(815301076,1909f56bfc062723c751e8b465ee728b)  -> (artifact id: 'cc687ebf71e52675457f52016d0b6e5e') in 0.018778 seconds
  Import took 0.038620 seconds .

========================================================================
Received Import Request.
  Time since last request: 0.000188 seconds.
  path: Assets/Prefabs/Success Particles.prefab
  artifactKey: Guid(62198a3a5dbb64a4f9e1618929224faa) Importer(815301076,1909f56bfc062723c751e8b465ee728b)
Start importing Assets/Prefabs/Success Particles.prefab using Guid(62198a3a5dbb64a4f9e1618929224faa) Importer(815301076,1909f56bfc062723c751e8b465ee728b)  -> (artifact id: '490940564a42fdbd7abbe969d7dbddfb') in 0.005641 seconds
  Import took 0.010505 seconds .

========================================================================
Received Import Request.
  Time since last request: 20.843114 seconds.
  path: Assets/Prefabs/Rocket.prefab
  artifactKey: Guid(288797f45da57ca4cb6e59167dd370da) Importer(815301076,1909f56bfc062723c751e8b465ee728b)
Start importing Assets/Prefabs/Rocket.prefab using Guid(288797f45da57ca4cb6e59167dd370da) Importer(815301076,1909f56bfc062723c751e8b465ee728b)  -> (artifact id: 'a8cd1f15b7d61d767f0aa8bbe38be89d') in 0.012722 seconds
  Import took 0.018226 seconds .

========================================================================
Received Import Request.
  Time since last request: 0.000226 seconds.
  path: Assets/Prefabs/Success Particles.prefab
  artifactKey: Guid(62198a3a5dbb64a4f9e1618929224faa) Importer(815301076,1909f56bfc062723c751e8b465ee728b)
Start importing Assets/Prefabs/Success Particles.prefab using Guid(62198a3a5dbb64a4f9e1618929224faa) Importer(815301076,1909f56bfc062723c751e8b465ee728b)  -> (artifact id: 'aae36b5aab34af96739673889203a454') in 0.004836 seconds
  Import took 0.007557 seconds .

========================================================================
Received Import Request.
  Time since last request: 3.407760 seconds.
  path: Assets/Prefabs/Rocket.prefab
  artifactKey: Guid(288797f45da57ca4cb6e59167dd370da) Importer(815301076,1909f56bfc062723c751e8b465ee728b)
Start importing Assets/Prefabs/Rocket.prefab using Guid(288797f45da57ca4cb6e59167dd370da) Importer(815301076,1909f56bfc062723c751e8b465ee728b)  -> (artifact id: 'dc220b68380981dfe9da6e294961aed2') in 0.013863 seconds
  Import took 0.017456 seconds .

========================================================================
Received Import Request.
  Time since last request: 0.000224 seconds.
  path: Assets/Prefabs/Success Particles.prefab
  artifactKey: Guid(62198a3a5dbb64a4f9e1618929224faa) Importer(815301076,1909f56bfc062723c751e8b465ee728b)
Start importing Assets/Prefabs/Success Particles.prefab using Guid(62198a3a5dbb64a4f9e1618929224faa) Importer(815301076,1909f56bfc062723c751e8b465ee728b)  -> (artifact id: 'd78b1ff21d4d68c0692c3f2b2139be63') in 0.005403 seconds
  Import took 0.008533 seconds .

========================================================================
Received Import Request.
  Time since last request: 6.876558 seconds.
  path: Assets/Prefabs/Rocket.prefab
  artifactKey: Guid(288797f45da57ca4cb6e59167dd370da) Importer(815301076,1909f56bfc062723c751e8b465ee728b)
Start importing Assets/Prefabs/Rocket.prefab using Guid(288797f45da57ca4cb6e59167dd370da) Importer(815301076,1909f56bfc062723c751e8b465ee728b)  -> (artifact id: 'd53b5a17cf1cb45d4a1b7fe6e711b3a8') in 0.013341 seconds
  Import took 0.016412 seconds .

========================================================================
Received Import Request.
  Time since last request: 0.000245 seconds.
  path: Assets/Prefabs/Success Particles.prefab
  artifactKey: Guid(62198a3a5dbb64a4f9e1618929224faa) Importer(815301076,1909f56bfc062723c751e8b465ee728b)
Start importing Assets/Prefabs/Success Particles.prefab using Guid(62198a3a5dbb64a4f9e1618929224faa) Importer(815301076,1909f56bfc062723c751e8b465ee728b)  -> (artifact id: 'e86098ef5c37426ff834921f91a5695f') in 0.004458 seconds
  Import took 0.007789 seconds .

========================================================================
Received Import Request.
  Time since last request: 183.336578 seconds.
  path: Assets/Prefabs/Rocket.prefab
  artifactKey: Guid(288797f45da57ca4cb6e59167dd370da) Importer(815301076,1909f56bfc062723c751e8b465ee728b)
Start importing Assets/Prefabs/Rocket.prefab using Guid(288797f45da57ca4cb6e59167dd370da) Importer(815301076,1909f56bfc062723c751e8b465ee728b)  -> (artifact id: 'cb50ea37c122ebc2f253dfde08d7e9d3') in 0.013850 seconds
  Import took 0.031198 seconds .

========================================================================
Received Import Request.
  Time since last request: 0.000197 seconds.
  path: Assets/Prefabs/Success Particles.prefab
  artifactKey: Guid(62198a3a5dbb64a4f9e1618929224faa) Importer(815301076,1909f56bfc062723c751e8b465ee728b)
Start importing Assets/Prefabs/Success Particles.prefab using Guid(62198a3a5dbb64a4f9e1618929224faa) Importer(815301076,1909f56bfc062723c751e8b465ee728b)  -> (artifact id: '16cc6680ae408fd9c7cd0c6b81710979') in 0.004893 seconds
  Import took 0.007549 seconds .

========================================================================
Received Prepare
Registering precompiled user dll's ...
Registered in 0.000671 seconds.
Begin MonoManager ReloadAssembly
Native extension for WindowsStandalone target not found
Native extension for WebGL target not found
Refreshing native plugins compatible for Editor in 0.24 ms, found 0 plugins.
Preloading 0 native plugins for Editor in 0.00 ms.
Invoked RoslynAnalysisRunner static constructor.
RoslynAnalysisRunner will not be running.
RoslynAnalysisRunner has terminated.
Mono: successfully reloaded assembly
- Completed reload, in  0.972 seconds
Platform modules already initialized, skipping
Refreshing native plugins compatible for Editor in 0.27 ms, found 0 plugins.
Preloading 0 native plugins for Editor in 0.00 ms.
Unloading 1091 Unused Serialized files (Serialized files now loaded: 0)
System memory in use before: 61.5 MB.
System memory in use after: 61.6 MB.

Unloading 5 unused Assets to reduce memory usage. Loaded Objects now: 1594.
Total: 2.003300 ms (FindLiveObjects: 0.178400 ms CreateObjectMapping: 0.084500 ms MarkObjects: 1.690500 ms  DeleteObjects: 0.048700 ms)

========================================================================
Received Prepare
Registering precompiled user dll's ...
Registered in 0.000727 seconds.
Begin MonoManager ReloadAssembly
Native extension for WindowsStandalone target not found
Native extension for WebGL target not found
Refreshing native plugins compatible for Editor in 0.24 ms, found 0 plugins.
Preloading 0 native plugins for Editor in 0.00 ms.
Invoked RoslynAnalysisRunner static constructor.
RoslynAnalysisRunner will not be running.
RoslynAnalysisRunner has terminated.
Mono: successfully reloaded assembly
- Completed reload, in  0.955 seconds
Platform modules already initialized, skipping
Refreshing native plugins compatible for Editor in 0.24 ms, found 0 plugins.
Preloading 0 native plugins for Editor in 0.00 ms.
Unloading 1091 Unused Serialized files (Serialized files now loaded: 0)
System memory in use before: 61.7 MB.
System memory in use after: 61.8 MB.

Unloading 5 unused Assets to reduce memory usage. Loaded Objects now: 1596.
Total: 1.655600 ms (FindLiveObjects: 0.137700 ms CreateObjectMapping: 0.041600 ms MarkObjects: 1.430000 ms  DeleteObjects: 0.045100 ms)

========================================================================
Received Prepare
Registering precompiled user dll's ...
Registered in 0.000731 seconds.
Begin MonoManager ReloadAssembly
Native extension for WindowsStandalone target not found
Native extension for WebGL target not found
Refreshing native plugins compatible for Editor in 0.25 ms, found 0 plugins.
Preloading 0 native plugins for Editor in 0.00 ms.
Invoked RoslynAnalysisRunner static constructor.
RoslynAnalysisRunner will not be running.
RoslynAnalysisRunner has terminated.
Mono: successfully reloaded assembly
- Completed reload, in  1.035 seconds
Platform modules already initialized, skipping
Refreshing native plugins compatible for Editor in 0.25 ms, found 0 plugins.
Preloading 0 native plugins for Editor in 0.00 ms.
Unloading 1091 Unused Serialized files (Serialized files now loaded: 0)
System memory in use before: 61.9 MB.
System memory in use after: 61.9 MB.

Unloading 5 unused Assets to reduce memory usage. Loaded Objects now: 1598.
Total: 1.676500 ms (FindLiveObjects: 0.144900 ms CreateObjectMapping: 0.043400 ms MarkObjects: 1.441000 ms  DeleteObjects: 0.046200 ms)

========================================================================
Received Prepare
Registering precompiled user dll's ...
Registered in 0.000736 seconds.
Begin MonoManager ReloadAssembly
Native extension for WindowsStandalone target not found
Native extension for WebGL target not found
Refreshing native plugins compatible for Editor in 0.25 ms, found 0 plugins.
Preloading 0 native plugins for Editor in 0.00 ms.
Invoked RoslynAnalysisRunner static constructor.
RoslynAnalysisRunner will not be running.
RoslynAnalysisRunner has terminated.
Mono: successfully reloaded assembly
- Completed reload, in  0.924 seconds
Platform modules already initialized, skipping
Refreshing native plugins compatible for Editor in 0.28 ms, found 0 plugins.
Preloading 0 native plugins for Editor in 0.00 ms.
Unloading 1091 Unused Serialized files (Serialized files now loaded: 0)
System memory in use before: 62.1 MB.
System memory in use after: 62.1 MB.

Unloading 5 unused Assets to reduce memory usage. Loaded Objects now: 1600.
Total: 1.976400 ms (FindLiveObjects: 0.173400 ms CreateObjectMapping: 0.099400 ms MarkObjects: 1.657900 ms  DeleteObjects: 0.044600 ms)

========================================================================
Received Prepare
Registering precompiled user dll's ...
Registered in 0.000681 seconds.
Begin MonoManager ReloadAssembly
Native extension for WindowsStandalone target not found
Native extension for WebGL target not found
Refreshing native plugins compatible for Editor in 0.25 ms, found 0 plugins.
Preloading 0 native plugins for Editor in 0.00 ms.
Invoked RoslynAnalysisRunner static constructor.
RoslynAnalysisRunner will not be running.
RoslynAnalysisRunner has terminated.
Mono: successfully reloaded assembly
- Completed reload, in  0.948 seconds
Platform modules already initialized, skipping
Refreshing native plugins compatible for Editor in 0.25 ms, found 0 plugins.
Preloading 0 native plugins for Editor in 0.00 ms.
Unloading 1091 Unused Serialized files (Serialized files now loaded: 0)
System memory in use before: 61.2 MB.
System memory in use after: 61.3 MB.

Unloading 5 unused Assets to reduce memory usage. Loaded Objects now: 1602.
Total: 1.947900 ms (FindLiveObjects: 0.155900 ms CreateObjectMapping: 0.086700 ms MarkObjects: 1.659100 ms  DeleteObjects: 0.045200 ms)

========================================================================
Received Prepare
Registering precompiled user dll's ...
Registered in 0.000722 seconds.
Begin MonoManager ReloadAssembly
Native extension for WindowsStandalone target not found
Native extension for WebGL target not found
Refreshing native plugins compatible for Editor in 0.26 ms, found 0 plugins.
Preloading 0 native plugins for Editor in 0.00 ms.
Invoked RoslynAnalysisRunner static constructor.
RoslynAnalysisRunner will not be running.
RoslynAnalysisRunner has terminated.
Mono: successfully reloaded assembly
- Completed reload, in  0.994 seconds
Platform modules already initialized, skipping
Refreshing native plugins compatible for Editor in 0.25 ms, found 0 plugins.
Preloading 0 native plugins for Editor in 0.00 ms.
Unloading 1091 Unused Serialized files (Serialized files now loaded: 0)
System memory in use before: 61.4 MB.
System memory in use after: 61.5 MB.

Unloading 5 unused Assets to reduce memory usage. Loaded Objects now: 1604.
Total: 2.229600 ms (FindLiveObjects: 0.175500 ms CreateObjectMapping: 0.092700 ms MarkObjects: 1.907700 ms  DeleteObjects: 0.052200 ms)

========================================================================
Received Import Request.
  Time since last request: 1425.045801 seconds.
  path: Assets/Prefabs/Rocket.prefab
  artifactKey: Guid(288797f45da57ca4cb6e59167dd370da) Importer(815301076,1909f56bfc062723c751e8b465ee728b)
Start importing Assets/Prefabs/Rocket.prefab using Guid(288797f45da57ca4cb6e59167dd370da) Importer(815301076,1909f56bfc062723c751e8b465ee728b)  -> (artifact id: '6868231ff8d1edfdae56a7fc9d6e7360') in 0.110487 seconds
  Import took 0.114048 seconds .

========================================================================
Received Import Request.
  Time since last request: 12.944681 seconds.
  path: Assets/Prefabs/Rocket.prefab
  artifactKey: Guid(288797f45da57ca4cb6e59167dd370da) Importer(815301076,1909f56bfc062723c751e8b465ee728b)
Start importing Assets/Prefabs/Rocket.prefab using Guid(288797f45da57ca4cb6e59167dd370da) Importer(815301076,1909f56bfc062723c751e8b465ee728b)  -> (artifact id: '4a3d6806ace72b0b990cab0121024a62') in 0.016364 seconds
  Import took 0.019580 seconds .

========================================================================
Received Import Request.
  Time since last request: 390.886114 seconds.
  path: Assets/Prefabs/Rocket.prefab
  artifactKey: Guid(288797f45da57ca4cb6e59167dd370da) Importer(815301076,1909f56bfc062723c751e8b465ee728b)
Start importing Assets/Prefabs/Rocket.prefab using Guid(288797f45da57ca4cb6e59167dd370da) Importer(815301076,1909f56bfc062723c751e8b465ee728b)  -> (artifact id: 'e2d2e53f699cfae155a703db441094fc') in 0.020501 seconds
  Import took 0.043488 seconds .

========================================================================
Received Prepare
Registering precompiled user dll's ...
Registered in 0.000713 seconds.
Begin MonoManager ReloadAssembly
Native extension for WindowsStandalone target not found
Native extension for WebGL target not found
Refreshing native plugins compatible for Editor in 0.27 ms, found 0 plugins.
Preloading 0 native plugins for Editor in 0.00 ms.
Invoked RoslynAnalysisRunner static constructor.
RoslynAnalysisRunner will not be running.
RoslynAnalysisRunner has terminated.
Mono: successfully reloaded assembly
- Completed reload, in  0.934 seconds
Platform modules already initialized, skipping
Refreshing native plugins compatible for Editor in 0.36 ms, found 0 plugins.
Preloading 0 native plugins for Editor in 0.00 ms.
Unloading 1091 Unused Serialized files (Serialized files now loaded: 0)
System memory in use before: 61.6 MB.
System memory in use after: 61.7 MB.

Unloading 5 unused Assets to reduce memory usage. Loaded Objects now: 1607.
Total: 2.210300 ms (FindLiveObjects: 0.225900 ms CreateObjectMapping: 0.106300 ms MarkObjects: 1.827800 ms  DeleteObjects: 0.049000 ms)

========================================================================
Received Import Request.
  Time since last request: 98.350080 seconds.
  path: Assets/Prefabs/Rocket.prefab
  artifactKey: Guid(288797f45da57ca4cb6e59167dd370da) Importer(815301076,1909f56bfc062723c751e8b465ee728b)
Start importing Assets/Prefabs/Rocket.prefab using Guid(288797f45da57ca4cb6e59167dd370da) Importer(815301076,1909f56bfc062723c751e8b465ee728b)  -> (artifact id: 'b85dd977230ded176cf21193360e2e33') in 0.069698 seconds
  Import took 0.092376 seconds .

========================================================================
Received Prepare
Registering precompiled user dll's ...
Registered in 0.000794 seconds.
Begin MonoManager ReloadAssembly
Native extension for WindowsStandalone target not found
Native extension for WebGL target not found
Refreshing native plugins compatible for Editor in 0.25 ms, found 0 plugins.
Preloading 0 native plugins for Editor in 0.00 ms.
Invoked RoslynAnalysisRunner static constructor.
RoslynAnalysisRunner will not be running.
RoslynAnalysisRunner has terminated.
Mono: successfully reloaded assembly
- Completed reload, in  0.917 seconds
Platform modules already initialized, skipping
Refreshing native plugins compatible for Editor in 0.25 ms, found 0 plugins.
Preloading 0 native plugins for Editor in 0.00 ms.
Unloading 1091 Unused Serialized files (Serialized files now loaded: 0)
System memory in use before: 61.8 MB.
System memory in use after: 61.9 MB.

Unloading 5 unused Assets to reduce memory usage. Loaded Objects now: 1610.
Total: 2.023900 ms (FindLiveObjects: 0.187300 ms CreateObjectMapping: 0.103700 ms MarkObjects: 1.683200 ms  DeleteObjects: 0.048200 ms)

========================================================================
Received Import Request.
  Time since last request: 140.198983 seconds.
  path: Assets/Prefabs/Rocket.prefab
  artifactKey: Guid(288797f45da57ca4cb6e59167dd370da) Importer(815301076,1909f56bfc062723c751e8b465ee728b)
Start importing Assets/Prefabs/Rocket.prefab using Guid(288797f45da57ca4cb6e59167dd370da) Importer(815301076,1909f56bfc062723c751e8b465ee728b)  -> (artifact id: '5b439104c0e1632f0f407cfafacb4f4d') in 0.087884 seconds
  Import took 0.090794 seconds .

========================================================================
Received Import Request.
  Time since last request: 3.242157 seconds.
  path: Assets/Prefabs/Rocket.prefab
  artifactKey: Guid(288797f45da57ca4cb6e59167dd370da) Importer(815301076,1909f56bfc062723c751e8b465ee728b)
Start importing Assets/Prefabs/Rocket.prefab using Guid(288797f45da57ca4cb6e59167dd370da) Importer(815301076,1909f56bfc062723c751e8b465ee728b)  -> (artifact id: '5e0a3aeaf509479bb674cb005dda82cf') in 0.014629 seconds
  Import took 0.018142 seconds .

========================================================================
Received Import Request.
  Time since last request: 2.443897 seconds.
  path: Assets/Prefabs/Rocket.prefab
  artifactKey: Guid(288797f45da57ca4cb6e59167dd370da) Importer(815301076,1909f56bfc062723c751e8b465ee728b)
Start importing Assets/Prefabs/Rocket.prefab using Guid(288797f45da57ca4cb6e59167dd370da) Importer(815301076,1909f56bfc062723c751e8b465ee728b)  -> (artifact id: '86e204b4cee3bd525c96f2ef02ef0f9b') in 0.020915 seconds
  Import took 0.024760 seconds .

========================================================================
Received Import Request.
  Time since last request: 52.843206 seconds.
  path: Assets/Prefabs/Rocket.prefab
  artifactKey: Guid(288797f45da57ca4cb6e59167dd370da) Importer(815301076,1909f56bfc062723c751e8b465ee728b)
Start importing Assets/Prefabs/Rocket.prefab using Guid(288797f45da57ca4cb6e59167dd370da) Importer(815301076,1909f56bfc062723c751e8b465ee728b)  -> (artifact id: '22fc88bf5e263f3de200d65e60e1fd66') in 0.020233 seconds
  Import took 0.023238 seconds .

========================================================================
Received Import Request.
  Time since last request: 0.000212 seconds.
  path: Assets/Prefabs/Success Particles.prefab
  artifactKey: Guid(62198a3a5dbb64a4f9e1618929224faa) Importer(815301076,1909f56bfc062723c751e8b465ee728b)
Start importing Assets/Prefabs/Success Particles.prefab using Guid(62198a3a5dbb64a4f9e1618929224faa) Importer(815301076,1909f56bfc062723c751e8b465ee728b)  -> (artifact id: '96805efe154958ed404795098239d9e1') in 0.009827 seconds
  Import took 0.012340 seconds .

========================================================================
Received Import Request.
  Time since last request: 3.914923 seconds.
  path: Assets/Prefabs/Rocket.prefab
  artifactKey: Guid(288797f45da57ca4cb6e59167dd370da) Importer(815301076,1909f56bfc062723c751e8b465ee728b)
Start importing Assets/Prefabs/Rocket.prefab using Guid(288797f45da57ca4cb6e59167dd370da) Importer(815301076,1909f56bfc062723c751e8b465ee728b)  -> (artifact id: '4596b93cf13471ef8deb8b4be62547f2') in 0.043694 seconds
  Import took 0.047386 seconds .

AssetImportWorkerClient::OnTransportError - code=2 error=End of file
